<?xml version="1.0" encoding="UTF-8"?>
<!-- Generated by org.testng.reporters.JUnitReportReporter -->
<testsuite hostname="DESKTOP-654MNJS" failures="0" tests="4" name="OrangeHRMwebsitePractice.LoginTests" time="0.008" errors="0" timestamp="2025-02-16T04:14:28 PKT" skipped="0">
  <testcase classname="OrangeHRMwebsitePractice.LoginTests" name="LoginWithEmail" time="0.005"/>
  <testcase classname="OrangeHRMwebsitePractice.LoginTests" name="LoginWithGoogle" time="0.000"/>
  <testcase classname="OrangeHRMwebsitePractice.LoginTests" name="LoginWithFacebook" time="0.003"/>
  <testcase classname="OrangeHRMwebsitePractice.LoginTests" name="LoginWithInstagram" time="0.000"/>
</testsuite> <!-- OrangeHRMwebsitePractice.LoginTests -->
