<?xml version="1.0" encoding="UTF-8"?>
<!-- Generated by org.testng.reporters.JUnitReportReporter -->
<testsuite hostname="DESKTOP-654MNJS" failures="0" tests="3" name="TestNg.firstTestCase" time="0.005" errors="0" timestamp="2025-02-16T04:14:28 PKT" skipped="0">
  <testcase classname="TestNg.firstTestCase" name="openApp" time="0.000"/>
  <testcase classname="TestNg.firstTestCase" name="login" time="0.000"/>
  <testcase classname="TestNg.firstTestCase" name="logout" time="0.005"/>
</testsuite> <!-- TestNg.firstTestCase -->
