<?xml version="1.0" encoding="UTF-8"?>
<!-- Generated by org.testng.reporters.JUnitReportReporter -->
<testsuite hostname="DESKTOP-654MNJS" failures="0" tests="4" name="OrangeHRMwebsitePractice.LoginTests" time="0.011" errors="0" timestamp="2025-02-18T00:27:24 PKT" skipped="0">
  <testcase classname="OrangeHRMwebsitePractice.LoginTests" name="LoginWithEmail" time="0.000"/>
  <testcase classname="OrangeHRMwebsitePractice.LoginTests" name="LoginWithGoogle" time="0.000"/>
  <testcase classname="OrangeHRMwebsitePractice.LoginTests" name="LoginWithFacebook" time="0.007"/>
  <testcase classname="OrangeHRMwebsitePractice.LoginTests" name="LoginWithInstagram" time="0.004"/>
</testsuite> <!-- OrangeHRMwebsitePractice.LoginTests -->
