<?xml version="1.0" encoding="UTF-8"?>
<!-- Generated by org.testng.reporters.JUnitReportReporter -->
<testsuite hostname="DESKTOP-654MNJS" failures="0" tests="4" name="OrangeHRMwebsitePractice.SignUpTests" time="0.000" errors="0" timestamp="2025-02-18T00:27:24 PKT" skipped="0">
  <testcase classname="OrangeHRMwebsitePractice.SignUpTests" name="SignUpWithEmail" time="0.000"/>
  <testcase classname="OrangeHRMwebsitePractice.SignUpTests" name="SignUpWithGoogle" time="0.000"/>
  <testcase classname="OrangeHRMwebsitePractice.SignUpTests" name="SignUpWithFacebook" time="0.000"/>
  <testcase classname="OrangeHRMwebsitePractice.SignUpTests" name="SignUpWithInstagram" time="0.000"/>
</testsuite> <!-- OrangeHRMwebsitePractice.SignUpTests -->
