<?xml version="1.0" encoding="UTF-8"?>
<!-- Generated by org.testng.reporters.JUnitReportReporter -->
<testsuite hostname="DESKTOP-654MNJS" failures="0" tests="4" name="OrangeHRMwebsitePractice.firstTestCase" time="26.787" errors="0" timestamp="2025-02-16T04:14:28 PKT" skipped="0">
  <testcase classname="OrangeHRMwebsitePractice.firstTestCase" name="openApp" time="20.251"/>
  <testcase classname="OrangeHRMwebsitePractice.firstTestCase" name="checkLogo" time="3.258"/>
  <testcase classname="OrangeHRMwebsitePractice.firstTestCase" name="login" time="2.570"/>
  <testcase classname="OrangeHRMwebsitePractice.firstTestCase" name="logout" time="0.708"/>
</testsuite> <!-- OrangeHRMwebsitePractice.firstTestCase -->
