<?xml version="1.0" encoding="UTF-8"?>
<!-- Generated by org.testng.reporters.JUnitReportReporter -->
<testsuite hostname="DESKTOP-654MNJS" failures="0" tests="4" name="OrangeHRMwebsitePractice.PaymentTests" time="0.010" errors="0" timestamp="2025-02-16T04:14:28 PKT" skipped="0">
  <testcase classname="OrangeHRMwebsitePractice.PaymentTests" name="PaymentWithEmail" time="0.005"/>
  <testcase classname="OrangeHRMwebsitePractice.PaymentTests" name="PaymentWithGoogle" time="0.000"/>
  <testcase classname="OrangeHRMwebsitePractice.PaymentTests" name="PaymentWithFacebook" time="0.000"/>
  <testcase classname="OrangeHRMwebsitePractice.PaymentTests" name="PaymentWithInstagram" time="0.005"/>
</testsuite> <!-- OrangeHRMwebsitePractice.PaymentTests -->
