<?xml version="1.0" encoding="UTF-8"?>
<!-- Generated by org.testng.reporters.JUnitReportReporter -->
<testsuite hostname="DESKTOP-654MNJS" failures="0" tests="4" name="OrangeHRMwebsitePractice.firstTestCase" time="18.583" errors="0" timestamp="2025-02-18T00:27:24 PKT" skipped="0">
  <testcase classname="OrangeHRMwebsitePractice.firstTestCase" name="openApp" time="12.670"/>
  <testcase classname="OrangeHRMwebsitePractice.firstTestCase" name="checkLogo" time="3.198"/>
  <testcase classname="OrangeHRMwebsitePractice.firstTestCase" name="login" time="2.401"/>
  <testcase classname="OrangeHRMwebsitePractice.firstTestCase" name="logout" time="0.314"/>
</testsuite> <!-- OrangeHRMwebsitePractice.firstTestCase -->
