<?xml version="1.0" encoding="UTF-8"?>
<!-- Generated by org.testng.reporters.JUnitReportReporter -->
<testsuite hostname="DESKTOP-654MNJS" failures="0" tests="4" name="OrangeHRMwebsitePractice.PaymentTests" time="0.002" errors="0" timestamp="2025-02-18T00:27:24 PKT" skipped="0">
  <testcase classname="OrangeHRMwebsitePractice.PaymentTests" name="PaymentWithEmail" time="0.002"/>
  <testcase classname="OrangeHRMwebsitePractice.PaymentTests" name="PaymentWithGoogle" time="0.000"/>
  <testcase classname="OrangeHRMwebsitePractice.PaymentTests" name="PaymentWithFacebook" time="0.000"/>
  <testcase classname="OrangeHRMwebsitePractice.PaymentTests" name="PaymentWithInstagram" time="0.000"/>
</testsuite> <!-- OrangeHRMwebsitePractice.PaymentTests -->
